2023-09-14 19:57:49,446 [Worker-8: Loading available Gradle versions] INFO  o.e.b.c.i.u.g.PublishedGradleVersions - Gradle version information cache is out-of-date. Trying to update.
2023-09-14 19:59:46,213 [Worker-10: Creating project "prueba"] INFO  o.e.m.c.i.l.LifecycleMappingFactory - Using org.eclipse.m2e.jdt.JarLifecycleMapping lifecycle mapping for MavenProject: prueba:prueba:1 @ C:\coop\prueba de metodo\prueba\pom.xml.
2023-09-14 19:59:48,448 [Worker-10: Creating project "prueba"] INFO  o.e.m.j.i.AbstractJavaProjectConfigurator - Adding source folder /prueba/src/main/java
2023-09-14 19:59:48,450 [Worker-10: Creating project "prueba"] INFO  o.e.m.j.i.AbstractJavaProjectConfigurator - Adding resource folder /prueba/src/main/resources
2023-09-14 19:59:48,460 [Worker-10: Creating project "prueba"] INFO  o.e.m.j.i.AbstractJavaProjectConfigurator - Adding source folder /prueba/src/test/java
2023-09-14 19:59:48,461 [Worker-10: Creating project "prueba"] INFO  o.e.m.j.i.AbstractJavaProjectConfigurator - Adding resource folder /prueba/src/test/resources
2023-09-14 19:59:48,544 [Worker-10: Creating project "prueba"] ERROR o.e.m.j.i.AbstractJavaProjectConfigurator - Failed to find a compatible VM for environment id 'J2SE-1.5', falling back to workspace default
2023-09-14 19:59:56,613 [Worker-10: Creating project "prueba"] WARN  o.e.m.c.i.embedder.EclipseLogger - Using platform encoding (UTF-8 actually) to copy filtered resources, i.e. build is platform dependent!
2023-09-14 19:59:56,639 [Worker-10: Creating project "prueba"] INFO  o.e.m.c.i.embedder.EclipseLogger - Copying 0 resource
2023-09-14 19:59:56,650 [Worker-10: Creating project "prueba"] WARN  o.e.m.c.i.embedder.EclipseLogger - Using platform encoding (UTF-8 actually) to copy filtered resources, i.e. build is platform dependent!
2023-09-14 19:59:56,653 [Worker-10: Creating project "prueba"] INFO  o.e.m.c.i.embedder.EclipseLogger - Copying 0 resource
2023-09-14 19:59:57,779 [Worker-5: Building] WARN  o.e.m.c.i.embedder.EclipseLogger - Using platform encoding (UTF-8 actually) to copy filtered resources, i.e. build is platform dependent!
2023-09-14 19:59:57,786 [Worker-5: Building] INFO  o.e.m.c.i.embedder.EclipseLogger - Copying 0 resource
2023-09-14 19:59:57,790 [Worker-5: Building] WARN  o.e.m.c.i.embedder.EclipseLogger - Using platform encoding (UTF-8 actually) to copy filtered resources, i.e. build is platform dependent!
2023-09-14 19:59:57,792 [Worker-5: Building] INFO  o.e.m.c.i.embedder.EclipseLogger - Copying 0 resource
2023-09-14 20:01:45,658 [Worker-27: Rebuilding] WARN  o.e.m.c.i.embedder.EclipseLogger - Using platform encoding (UTF-8 actually) to copy filtered resources, i.e. build is platform dependent!
2023-09-14 20:01:45,660 [Worker-27: Rebuilding] INFO  o.e.m.c.i.embedder.EclipseLogger - Copying 0 resource
2023-09-14 20:01:45,664 [Worker-27: Rebuilding] WARN  o.e.m.c.i.embedder.EclipseLogger - Using platform encoding (UTF-8 actually) to copy filtered resources, i.e. build is platform dependent!
2023-09-14 20:01:45,666 [Worker-27: Rebuilding] INFO  o.e.m.c.i.embedder.EclipseLogger - Copying 0 resource
2023-09-14 20:04:47,274 [Worker-16: Updating Maven Dependencies] INFO  o.e.m.c.i.l.LifecycleMappingFactory - Using org.eclipse.m2e.jdt.JarLifecycleMapping lifecycle mapping for MavenProject: prueba:prueba:1 @ C:\coop\prueba de metodo\prueba\pom.xml.
2023-09-14 20:06:35,438 [Worker-16: Building] WARN  o.e.m.c.i.embedder.EclipseLogger - Using platform encoding (UTF-8 actually) to copy filtered resources, i.e. build is platform dependent!
2023-09-14 20:06:35,444 [Worker-16: Building] INFO  o.e.m.c.i.embedder.EclipseLogger - Copying 0 resource
2023-09-14 20:06:35,448 [Worker-16: Building] WARN  o.e.m.c.i.embedder.EclipseLogger - Using platform encoding (UTF-8 actually) to copy filtered resources, i.e. build is platform dependent!
2023-09-14 20:06:35,450 [Worker-16: Building] INFO  o.e.m.c.i.embedder.EclipseLogger - Copying 0 resource
2023-09-14 20:06:51,921 [Worker-29: Building] WARN  o.e.m.c.i.embedder.EclipseLogger - Using platform encoding (UTF-8 actually) to copy filtered resources, i.e. build is platform dependent!
2023-09-14 20:06:51,923 [Worker-29: Building] INFO  o.e.m.c.i.embedder.EclipseLogger - Copying 0 resource
2023-09-14 20:06:51,927 [Worker-29: Building] WARN  o.e.m.c.i.embedder.EclipseLogger - Using platform encoding (UTF-8 actually) to copy filtered resources, i.e. build is platform dependent!
2023-09-14 20:06:51,928 [Worker-29: Building] INFO  o.e.m.c.i.embedder.EclipseLogger - Copying 0 resource
2023-09-14 20:07:38,967 [Worker-29: Building] WARN  o.e.m.c.i.embedder.EclipseLogger - Using platform encoding (UTF-8 actually) to copy filtered resources, i.e. build is platform dependent!
2023-09-14 20:07:38,969 [Worker-29: Building] INFO  o.e.m.c.i.embedder.EclipseLogger - Copying 0 resource
2023-09-14 20:07:38,975 [Worker-29: Building] WARN  o.e.m.c.i.embedder.EclipseLogger - Using platform encoding (UTF-8 actually) to copy filtered resources, i.e. build is platform dependent!
2023-09-14 20:07:38,977 [Worker-29: Building] INFO  o.e.m.c.i.embedder.EclipseLogger - Copying 0 resource
2023-09-14 20:11:54,021 [Worker-32: Building] WARN  o.e.m.c.i.embedder.EclipseLogger - Using platform encoding (UTF-8 actually) to copy filtered resources, i.e. build is platform dependent!
2023-09-14 20:11:54,023 [Worker-32: Building] INFO  o.e.m.c.i.embedder.EclipseLogger - Copying 0 resource
2023-09-14 20:11:54,029 [Worker-32: Building] WARN  o.e.m.c.i.embedder.EclipseLogger - Using platform encoding (UTF-8 actually) to copy filtered resources, i.e. build is platform dependent!
2023-09-14 20:11:54,031 [Worker-32: Building] INFO  o.e.m.c.i.embedder.EclipseLogger - Copying 0 resource
2023-09-14 20:12:57,254 [Worker-32: Building] WARN  o.e.m.c.i.embedder.EclipseLogger - Using platform encoding (UTF-8 actually) to copy filtered resources, i.e. build is platform dependent!
2023-09-14 20:12:57,256 [Worker-32: Building] INFO  o.e.m.c.i.embedder.EclipseLogger - Copying 0 resource
2023-09-14 20:12:57,260 [Worker-32: Building] WARN  o.e.m.c.i.embedder.EclipseLogger - Using platform encoding (UTF-8 actually) to copy filtered resources, i.e. build is platform dependent!
2023-09-14 20:12:57,261 [Worker-32: Building] INFO  o.e.m.c.i.embedder.EclipseLogger - Copying 0 resource
2023-09-14 20:14:43,830 [Worker-36: Building] INFO  o.e.m.c.i.l.LifecycleMappingFactory - Using org.eclipse.m2e.jdt.JarLifecycleMapping lifecycle mapping for MavenProject: prueba:prueba:1 @ C:\coop\prueba de metodo\prueba\pom.xml.
2023-09-14 20:14:44,061 [Worker-36: Building] WARN  o.e.m.c.i.embedder.EclipseLogger - Using platform encoding (UTF-8 actually) to copy filtered resources, i.e. build is platform dependent!
2023-09-14 20:14:44,064 [Worker-36: Building] INFO  o.e.m.c.i.embedder.EclipseLogger - Copying 0 resource
2023-09-14 20:14:44,071 [Worker-36: Building] WARN  o.e.m.c.i.embedder.EclipseLogger - Using platform encoding (UTF-8 actually) to copy filtered resources, i.e. build is platform dependent!
2023-09-14 20:14:44,074 [Worker-36: Building] INFO  o.e.m.c.i.embedder.EclipseLogger - Copying 0 resource
2023-09-14 20:14:46,094 [Worker-34: Download sources and javadoc] INFO  o.e.m.c.i.e.AbstractTransferListenerAdapter - Downloading https://repo.maven.apache.org/maven2/org/projectlombok/lombok/1.18.28/lombok-1.18.28-sources.jar
2023-09-14 20:14:47,070 [Worker-34: Download sources and javadoc] INFO  o.e.m.c.i.e.AbstractTransferListenerAdapter - Downloaded https://repo.maven.apache.org/maven2/org/projectlombok/lombok/1.18.28/lombok-1.18.28-sources.jar
2023-09-14 20:14:47,076 [Worker-34: Download sources and javadoc] INFO  o.e.m.j.internal.DownloadSourcesJob - Downloaded sources for org.projectlombok:lombok:1.18.28
2023-09-14 20:14:52,792 [Worker-34: Launching Executing install in C__coop_prueba de metodo_prueba] INFO  o.e.m.i.launch.MavenLaunchDelegate - Run build in "C:\coop\prueba de metodo\prueba":
2023-09-14 20:14:52,794 [Worker-34: Launching Executing install in C__coop_prueba de metodo_prueba] INFO  o.e.m.i.launch.MavenLaunchDelegate -  mvn  -B -Dstyle.color=always -s C:\Users\RogerM\Downloads\Compressed\apache-maven-3.9.4-bin\apache-maven-3.9.4\conf\settings.xml install
2023-09-14 20:16:26,043 [Worker-38: Building] WARN  o.e.m.c.i.embedder.EclipseLogger - Using platform encoding (UTF-8 actually) to copy filtered resources, i.e. build is platform dependent!
2023-09-14 20:16:26,045 [Worker-38: Building] INFO  o.e.m.c.i.embedder.EclipseLogger - Copying 0 resource
2023-09-14 20:16:26,047 [Worker-38: Building] WARN  o.e.m.c.i.embedder.EclipseLogger - Using platform encoding (UTF-8 actually) to copy filtered resources, i.e. build is platform dependent!
2023-09-14 20:16:26,048 [Worker-38: Building] INFO  o.e.m.c.i.embedder.EclipseLogger - Copying 0 resource
2023-09-14 20:17:21,437 [Worker-38: Building] WARN  o.e.m.c.i.embedder.EclipseLogger - Using platform encoding (UTF-8 actually) to copy filtered resources, i.e. build is platform dependent!
2023-09-14 20:17:21,439 [Worker-38: Building] INFO  o.e.m.c.i.embedder.EclipseLogger - Copying 0 resource
2023-09-14 20:17:21,448 [Worker-38: Building] WARN  o.e.m.c.i.embedder.EclipseLogger - Using platform encoding (UTF-8 actually) to copy filtered resources, i.e. build is platform dependent!
2023-09-14 20:17:21,450 [Worker-38: Building] INFO  o.e.m.c.i.embedder.EclipseLogger - Copying 0 resource
2023-09-14 20:17:42,290 [Worker-38: Building] WARN  o.e.m.c.i.embedder.EclipseLogger - Using platform encoding (UTF-8 actually) to copy filtered resources, i.e. build is platform dependent!
2023-09-14 20:17:42,292 [Worker-38: Building] INFO  o.e.m.c.i.embedder.EclipseLogger - Copying 0 resource
2023-09-14 20:17:42,296 [Worker-38: Building] WARN  o.e.m.c.i.embedder.EclipseLogger - Using platform encoding (UTF-8 actually) to copy filtered resources, i.e. build is platform dependent!
2023-09-14 20:17:42,298 [Worker-38: Building] INFO  o.e.m.c.i.embedder.EclipseLogger - Copying 0 resource
2023-09-14 20:20:22,992 [Worker-36: Building] INFO  o.e.m.c.i.l.LifecycleMappingFactory - Using org.eclipse.m2e.jdt.JarLifecycleMapping lifecycle mapping for MavenProject: prueba:prueba:1 @ C:\coop\prueba de metodo\prueba\pom.xml.
2023-09-14 20:20:23,789 [Worker-36: Building] WARN  o.e.m.c.i.embedder.EclipseLogger - Using platform encoding (UTF-8 actually) to copy filtered resources, i.e. build is platform dependent!
2023-09-14 20:20:23,794 [Worker-36: Building] INFO  o.e.m.c.i.embedder.EclipseLogger - Copying 0 resource
2023-09-14 20:20:23,799 [Worker-36: Building] WARN  o.e.m.c.i.embedder.EclipseLogger - Using platform encoding (UTF-8 actually) to copy filtered resources, i.e. build is platform dependent!
2023-09-14 20:20:23,800 [Worker-36: Building] INFO  o.e.m.c.i.embedder.EclipseLogger - Copying 0 resource
2023-09-14 20:20:24,995 [Worker-40: Download sources and javadoc] INFO  o.e.m.c.i.e.AbstractTransferListenerAdapter - Downloading https://repo.maven.apache.org/maven2/com/google/code/gson/gson/2.8.8/gson-2.8.8-sources.jar
2023-09-14 20:20:26,263 [Worker-40: Download sources and javadoc] INFO  o.e.m.c.i.e.AbstractTransferListenerAdapter - Downloaded https://repo.maven.apache.org/maven2/com/google/code/gson/gson/2.8.8/gson-2.8.8-sources.jar
2023-09-14 20:20:26,268 [Worker-40: Download sources and javadoc] INFO  o.e.m.j.internal.DownloadSourcesJob - Downloaded sources for com.google.code.gson:gson:2.8.8
2023-09-14 20:20:26,717 [Worker-40: Download sources and javadoc] INFO  o.e.m.c.i.e.AbstractTransferListenerAdapter - Downloading https://repo.maven.apache.org/maven2/org/apache/httpcomponents/httpcore/4.4.13/httpcore-4.4.13-sources.jar
2023-09-14 20:20:27,647 [Worker-40: Download sources and javadoc] INFO  o.e.m.c.i.e.AbstractTransferListenerAdapter - Downloaded https://repo.maven.apache.org/maven2/org/apache/httpcomponents/httpcore/4.4.13/httpcore-4.4.13-sources.jar
2023-09-14 20:20:27,650 [Worker-40: Download sources and javadoc] INFO  o.e.m.j.internal.DownloadSourcesJob - Downloaded sources for org.apache.httpcomponents:httpcore:4.4.13
2023-09-14 20:20:29,492 [Worker-41: Launching Executing install in C__coop_prueba de metodo_prueba] INFO  o.e.m.i.launch.MavenLaunchDelegate - Run build in "C:\coop\prueba de metodo\prueba":
2023-09-14 20:20:29,493 [Worker-41: Launching Executing install in C__coop_prueba de metodo_prueba] INFO  o.e.m.i.launch.MavenLaunchDelegate -  mvn  -B -Dstyle.color=always -s C:\Users\RogerM\Downloads\Compressed\apache-maven-3.9.4-bin\apache-maven-3.9.4\conf\settings.xml install
2023-09-14 20:21:12,923 [Worker-39: Building] WARN  o.e.m.c.i.embedder.EclipseLogger - Using platform encoding (UTF-8 actually) to copy filtered resources, i.e. build is platform dependent!
2023-09-14 20:21:12,925 [Worker-39: Building] INFO  o.e.m.c.i.embedder.EclipseLogger - Copying 0 resource
2023-09-14 20:21:12,927 [Worker-39: Building] WARN  o.e.m.c.i.embedder.EclipseLogger - Using platform encoding (UTF-8 actually) to copy filtered resources, i.e. build is platform dependent!
2023-09-14 20:21:12,929 [Worker-39: Building] INFO  o.e.m.c.i.embedder.EclipseLogger - Copying 0 resource
2023-09-14 20:22:18,720 [Worker-39: Building] WARN  o.e.m.c.i.embedder.EclipseLogger - Using platform encoding (UTF-8 actually) to copy filtered resources, i.e. build is platform dependent!
2023-09-14 20:22:18,722 [Worker-39: Building] INFO  o.e.m.c.i.embedder.EclipseLogger - Copying 0 resource
2023-09-14 20:22:18,724 [Worker-39: Building] WARN  o.e.m.c.i.embedder.EclipseLogger - Using platform encoding (UTF-8 actually) to copy filtered resources, i.e. build is platform dependent!
2023-09-14 20:22:18,725 [Worker-39: Building] INFO  o.e.m.c.i.embedder.EclipseLogger - Copying 0 resource
2023-09-14 20:23:59,227 [Worker-42: Building] WARN  o.e.m.c.i.embedder.EclipseLogger - Using platform encoding (UTF-8 actually) to copy filtered resources, i.e. build is platform dependent!
2023-09-14 20:23:59,229 [Worker-42: Building] INFO  o.e.m.c.i.embedder.EclipseLogger - Copying 0 resource
2023-09-14 20:23:59,231 [Worker-42: Building] WARN  o.e.m.c.i.embedder.EclipseLogger - Using platform encoding (UTF-8 actually) to copy filtered resources, i.e. build is platform dependent!
2023-09-14 20:23:59,232 [Worker-42: Building] INFO  o.e.m.c.i.embedder.EclipseLogger - Copying 0 resource
2023-09-14 20:24:04,041 [Worker-35: Building] WARN  o.e.m.c.i.embedder.EclipseLogger - Using platform encoding (UTF-8 actually) to copy filtered resources, i.e. build is platform dependent!
2023-09-14 20:24:04,043 [Worker-35: Building] INFO  o.e.m.c.i.embedder.EclipseLogger - Copying 0 resource
2023-09-14 20:24:04,045 [Worker-35: Building] WARN  o.e.m.c.i.embedder.EclipseLogger - Using platform encoding (UTF-8 actually) to copy filtered resources, i.e. build is platform dependent!
2023-09-14 20:24:04,046 [Worker-35: Building] INFO  o.e.m.c.i.embedder.EclipseLogger - Copying 0 resource
2023-09-14 20:27:22,087 [Worker-39: Building] WARN  o.e.m.c.i.embedder.EclipseLogger - Using platform encoding (UTF-8 actually) to copy filtered resources, i.e. build is platform dependent!
2023-09-14 20:27:22,089 [Worker-39: Building] INFO  o.e.m.c.i.embedder.EclipseLogger - Copying 0 resource
2023-09-14 20:27:22,092 [Worker-39: Building] WARN  o.e.m.c.i.embedder.EclipseLogger - Using platform encoding (UTF-8 actually) to copy filtered resources, i.e. build is platform dependent!
2023-09-14 20:27:22,094 [Worker-39: Building] INFO  o.e.m.c.i.embedder.EclipseLogger - Copying 0 resource
2023-09-14 20:27:46,680 [Worker-46: Building] WARN  o.e.m.c.i.embedder.EclipseLogger - Using platform encoding (UTF-8 actually) to copy filtered resources, i.e. build is platform dependent!
2023-09-14 20:27:46,683 [Worker-46: Building] INFO  o.e.m.c.i.embedder.EclipseLogger - Copying 0 resource
2023-09-14 20:27:46,687 [Worker-46: Building] WARN  o.e.m.c.i.embedder.EclipseLogger - Using platform encoding (UTF-8 actually) to copy filtered resources, i.e. build is platform dependent!
2023-09-14 20:27:46,688 [Worker-46: Building] INFO  o.e.m.c.i.embedder.EclipseLogger - Copying 0 resource
2023-09-14 20:27:59,742 [Worker-45: Building] WARN  o.e.m.c.i.embedder.EclipseLogger - Using platform encoding (UTF-8 actually) to copy filtered resources, i.e. build is platform dependent!
2023-09-14 20:27:59,744 [Worker-45: Building] INFO  o.e.m.c.i.embedder.EclipseLogger - Copying 0 resource
2023-09-14 20:27:59,746 [Worker-45: Building] WARN  o.e.m.c.i.embedder.EclipseLogger - Using platform encoding (UTF-8 actually) to copy filtered resources, i.e. build is platform dependent!
2023-09-14 20:27:59,747 [Worker-45: Building] INFO  o.e.m.c.i.embedder.EclipseLogger - Copying 0 resource
2023-09-14 20:28:01,982 [Worker-44: Building] WARN  o.e.m.c.i.embedder.EclipseLogger - Using platform encoding (UTF-8 actually) to copy filtered resources, i.e. build is platform dependent!
2023-09-14 20:28:01,984 [Worker-44: Building] INFO  o.e.m.c.i.embedder.EclipseLogger - Copying 0 resource
2023-09-14 20:28:01,989 [Worker-44: Building] WARN  o.e.m.c.i.embedder.EclipseLogger - Using platform encoding (UTF-8 actually) to copy filtered resources, i.e. build is platform dependent!
2023-09-14 20:28:01,991 [Worker-44: Building] INFO  o.e.m.c.i.embedder.EclipseLogger - Copying 0 resource
2023-09-14 20:28:44,366 [Worker-35: Building] WARN  o.e.m.c.i.embedder.EclipseLogger - Using platform encoding (UTF-8 actually) to copy filtered resources, i.e. build is platform dependent!
2023-09-14 20:28:44,368 [Worker-35: Building] INFO  o.e.m.c.i.embedder.EclipseLogger - Copying 0 resource
2023-09-14 20:28:44,371 [Worker-35: Building] WARN  o.e.m.c.i.embedder.EclipseLogger - Using platform encoding (UTF-8 actually) to copy filtered resources, i.e. build is platform dependent!
2023-09-14 20:28:44,372 [Worker-35: Building] INFO  o.e.m.c.i.embedder.EclipseLogger - Copying 0 resource
2023-09-14 20:28:56,006 [Worker-35: Building] WARN  o.e.m.c.i.embedder.EclipseLogger - Using platform encoding (UTF-8 actually) to copy filtered resources, i.e. build is platform dependent!
2023-09-14 20:28:56,008 [Worker-35: Building] INFO  o.e.m.c.i.embedder.EclipseLogger - Copying 0 resource
2023-09-14 20:28:56,011 [Worker-35: Building] WARN  o.e.m.c.i.embedder.EclipseLogger - Using platform encoding (UTF-8 actually) to copy filtered resources, i.e. build is platform dependent!
2023-09-14 20:28:56,012 [Worker-35: Building] INFO  o.e.m.c.i.embedder.EclipseLogger - Copying 0 resource
2023-09-14 20:29:17,174 [Worker-46: Building] WARN  o.e.m.c.i.embedder.EclipseLogger - Using platform encoding (UTF-8 actually) to copy filtered resources, i.e. build is platform dependent!
2023-09-14 20:29:17,183 [Worker-46: Building] INFO  o.e.m.c.i.embedder.EclipseLogger - Copying 0 resource
2023-09-14 20:29:17,186 [Worker-46: Building] WARN  o.e.m.c.i.embedder.EclipseLogger - Using platform encoding (UTF-8 actually) to copy filtered resources, i.e. build is platform dependent!
2023-09-14 20:29:17,187 [Worker-46: Building] INFO  o.e.m.c.i.embedder.EclipseLogger - Copying 0 resource
2023-09-14 20:30:25,289 [Worker-44: Building] WARN  o.e.m.c.i.embedder.EclipseLogger - Using platform encoding (UTF-8 actually) to copy filtered resources, i.e. build is platform dependent!
2023-09-14 20:30:25,291 [Worker-44: Building] INFO  o.e.m.c.i.embedder.EclipseLogger - Copying 0 resource
2023-09-14 20:30:25,293 [Worker-44: Building] WARN  o.e.m.c.i.embedder.EclipseLogger - Using platform encoding (UTF-8 actually) to copy filtered resources, i.e. build is platform dependent!
2023-09-14 20:30:25,294 [Worker-44: Building] INFO  o.e.m.c.i.embedder.EclipseLogger - Copying 0 resource
2023-09-14 20:32:34,867 [Worker-45: Building] WARN  o.e.m.c.i.embedder.EclipseLogger - Using platform encoding (UTF-8 actually) to copy filtered resources, i.e. build is platform dependent!
2023-09-14 20:32:34,869 [Worker-45: Building] INFO  o.e.m.c.i.embedder.EclipseLogger - Copying 0 resource
2023-09-14 20:32:34,872 [Worker-45: Building] WARN  o.e.m.c.i.embedder.EclipseLogger - Using platform encoding (UTF-8 actually) to copy filtered resources, i.e. build is platform dependent!
2023-09-14 20:32:34,874 [Worker-45: Building] INFO  o.e.m.c.i.embedder.EclipseLogger - Copying 0 resource
2023-09-14 20:33:23,014 [Worker-39: Building] WARN  o.e.m.c.i.embedder.EclipseLogger - Using platform encoding (UTF-8 actually) to copy filtered resources, i.e. build is platform dependent!
2023-09-14 20:33:23,016 [Worker-39: Building] INFO  o.e.m.c.i.embedder.EclipseLogger - Copying 0 resource
2023-09-14 20:33:23,018 [Worker-39: Building] WARN  o.e.m.c.i.embedder.EclipseLogger - Using platform encoding (UTF-8 actually) to copy filtered resources, i.e. build is platform dependent!
2023-09-14 20:33:23,019 [Worker-39: Building] INFO  o.e.m.c.i.embedder.EclipseLogger - Copying 0 resource
2023-09-14 20:33:35,435 [Worker-39: Building] WARN  o.e.m.c.i.embedder.EclipseLogger - Using platform encoding (UTF-8 actually) to copy filtered resources, i.e. build is platform dependent!
2023-09-14 20:33:35,436 [Worker-39: Building] INFO  o.e.m.c.i.embedder.EclipseLogger - Copying 0 resource
2023-09-14 20:33:35,439 [Worker-39: Building] WARN  o.e.m.c.i.embedder.EclipseLogger - Using platform encoding (UTF-8 actually) to copy filtered resources, i.e. build is platform dependent!
2023-09-14 20:33:35,440 [Worker-39: Building] INFO  o.e.m.c.i.embedder.EclipseLogger - Copying 0 resource
2023-09-14 20:33:40,502 [Worker-44: Launching Executing install in C__coop_prueba de metodo_prueba] INFO  o.e.m.i.launch.MavenLaunchDelegate - Run build in "C:\coop\prueba de metodo\prueba":
2023-09-14 20:33:40,503 [Worker-44: Launching Executing install in C__coop_prueba de metodo_prueba] INFO  o.e.m.i.launch.MavenLaunchDelegate -  mvn  -B -Dstyle.color=always -s C:\Users\RogerM\Downloads\Compressed\apache-maven-3.9.4-bin\apache-maven-3.9.4\conf\settings.xml install
2023-09-14 20:34:33,510 [Worker-46: Building] WARN  o.e.m.c.i.embedder.EclipseLogger - Using platform encoding (UTF-8 actually) to copy filtered resources, i.e. build is platform dependent!
2023-09-14 20:34:33,513 [Worker-46: Building] INFO  o.e.m.c.i.embedder.EclipseLogger - Copying 0 resource
2023-09-14 20:34:33,515 [Worker-46: Building] WARN  o.e.m.c.i.embedder.EclipseLogger - Using platform encoding (UTF-8 actually) to copy filtered resources, i.e. build is platform dependent!
2023-09-14 20:34:33,516 [Worker-46: Building] INFO  o.e.m.c.i.embedder.EclipseLogger - Copying 0 resource
2023-09-14 20:36:51,499 [Worker-46: Building] INFO  o.e.m.c.i.l.LifecycleMappingFactory - Using org.eclipse.m2e.jdt.JarLifecycleMapping lifecycle mapping for MavenProject: prueba:prueba:1 @ C:\coop\prueba de metodo\prueba\pom.xml.
2023-09-14 20:36:51,701 [Worker-46: Building] WARN  o.e.m.c.i.embedder.EclipseLogger - Using platform encoding (UTF-8 actually) to copy filtered resources, i.e. build is platform dependent!
2023-09-14 20:36:51,706 [Worker-46: Building] INFO  o.e.m.c.i.embedder.EclipseLogger - Copying 0 resource
2023-09-14 20:36:51,710 [Worker-46: Building] WARN  o.e.m.c.i.embedder.EclipseLogger - Using platform encoding (UTF-8 actually) to copy filtered resources, i.e. build is platform dependent!
2023-09-14 20:36:51,711 [Worker-46: Building] INFO  o.e.m.c.i.embedder.EclipseLogger - Copying 0 resource
2023-09-14 20:37:37,532 [Worker-48: Building] INFO  o.e.m.c.i.l.LifecycleMappingFactory - Using org.eclipse.m2e.jdt.JarLifecycleMapping lifecycle mapping for MavenProject: prueba:prueba:1 @ C:\coop\prueba de metodo\prueba\pom.xml.
2023-09-14 20:37:37,726 [Worker-48: Building] WARN  o.e.m.c.i.embedder.EclipseLogger - Using platform encoding (UTF-8 actually) to copy filtered resources, i.e. build is platform dependent!
2023-09-14 20:37:37,729 [Worker-48: Building] INFO  o.e.m.c.i.embedder.EclipseLogger - Copying 0 resource
2023-09-14 20:37:37,733 [Worker-48: Building] WARN  o.e.m.c.i.embedder.EclipseLogger - Using platform encoding (UTF-8 actually) to copy filtered resources, i.e. build is platform dependent!
2023-09-14 20:37:37,735 [Worker-48: Building] INFO  o.e.m.c.i.embedder.EclipseLogger - Copying 0 resource
2023-09-14 20:37:38,420 [Worker-48: Building] INFO  o.e.m.c.i.e.AbstractTransferListenerAdapter - Downloading https://repo.maven.apache.org/maven2/org/codehaus/plexus/plexus-component-annotations/1.7.1/plexus-component-annotations-1.7.1.pom
2023-09-14 20:37:38,658 [Worker-48: Building] INFO  o.e.m.c.i.e.AbstractTransferListenerAdapter - Downloaded https://repo.maven.apache.org/maven2/org/codehaus/plexus/plexus-component-annotations/1.7.1/plexus-component-annotations-1.7.1.pom
2023-09-14 20:37:38,768 [Worker-48: Building] INFO  o.e.m.c.i.e.AbstractTransferListenerAdapter - Downloading https://repo.maven.apache.org/maven2/org/codehaus/plexus/plexus-containers/1.7.1/plexus-containers-1.7.1.pom
2023-09-14 20:37:38,907 [Worker-48: Building] INFO  o.e.m.c.i.e.AbstractTransferListenerAdapter - Downloaded https://repo.maven.apache.org/maven2/org/codehaus/plexus/plexus-containers/1.7.1/plexus-containers-1.7.1.pom
2023-09-14 20:37:39,717 [Worker-48: Building] INFO  o.e.m.c.i.e.AbstractTransferListenerAdapter - Downloading https://repo.maven.apache.org/maven2/org/apache/maven/maven-archiver/3.5.0/maven-archiver-3.5.0.pom
2023-09-14 20:37:39,840 [Worker-48: Building] INFO  o.e.m.c.i.e.AbstractTransferListenerAdapter - Downloaded https://repo.maven.apache.org/maven2/org/apache/maven/maven-archiver/3.5.0/maven-archiver-3.5.0.pom
2023-09-14 20:37:40,059 [Worker-48: Building] INFO  o.e.m.c.i.e.AbstractTransferListenerAdapter - Downloading https://repo.maven.apache.org/maven2/org/codehaus/plexus/plexus-archiver/4.2.0/plexus-archiver-4.2.0.pom
2023-09-14 20:37:40,215 [Worker-48: Building] INFO  o.e.m.c.i.e.AbstractTransferListenerAdapter - Downloaded https://repo.maven.apache.org/maven2/org/codehaus/plexus/plexus-archiver/4.2.0/plexus-archiver-4.2.0.pom
2023-09-14 20:37:40,387 [Worker-48: Building] INFO  o.e.m.c.i.e.AbstractTransferListenerAdapter - Downloading https://repo.maven.apache.org/maven2/org/apache/commons/commons-compress/1.19/commons-compress-1.19.pom
2023-09-14 20:37:40,577 [Worker-48: Building] INFO  o.e.m.c.i.e.AbstractTransferListenerAdapter - Downloaded https://repo.maven.apache.org/maven2/org/apache/commons/commons-compress/1.19/commons-compress-1.19.pom
2023-09-14 20:37:40,775 [Worker-48: Building] INFO  o.e.m.c.i.e.AbstractTransferListenerAdapter - Downloading https://repo.maven.apache.org/maven2/org/codehaus/plexus/plexus-interpolation/1.25/plexus-interpolation-1.25.pom
2023-09-14 20:37:40,916 [Worker-48: Building] INFO  o.e.m.c.i.e.AbstractTransferListenerAdapter - Downloaded https://repo.maven.apache.org/maven2/org/codehaus/plexus/plexus-interpolation/1.25/plexus-interpolation-1.25.pom
2023-09-14 20:37:41,029 [Worker-48: Building] INFO  o.e.m.c.i.e.AbstractTransferListenerAdapter - Downloading https://repo.maven.apache.org/maven2/org/codehaus/plexus/plexus-archiver/4.2.1/plexus-archiver-4.2.1.pom
2023-09-14 20:37:41,224 [Worker-48: Building] INFO  o.e.m.c.i.e.AbstractTransferListenerAdapter - Downloaded https://repo.maven.apache.org/maven2/org/codehaus/plexus/plexus-archiver/4.2.1/plexus-archiver-4.2.1.pom
2023-09-14 20:37:41,362 [AetherRepositoryConnector-repo.maven.apache.org-0-1] INFO  o.e.m.c.i.e.AbstractTransferListenerAdapter - Downloading https://repo.maven.apache.org/maven2/org/codehaus/plexus/plexus-component-annotations/1.7.1/plexus-component-annotations-1.7.1.jar
2023-09-14 20:37:41,490 [AetherRepositoryConnector-repo.maven.apache.org-0-0] INFO  o.e.m.c.i.e.AbstractTransferListenerAdapter - Downloading https://repo.maven.apache.org/maven2/org/codehaus/plexus/plexus-interpolation/1.14/plexus-interpolation-1.14.jar
2023-09-14 20:37:41,608 [AetherRepositoryConnector-repo.maven.apache.org-0-2] INFO  o.e.m.c.i.e.AbstractTransferListenerAdapter - Downloading https://repo.maven.apache.org/maven2/org/apache/maven/maven-archiver/3.5.0/maven-archiver-3.5.0.jar
2023-09-14 20:37:41,608 [AetherRepositoryConnector-repo.maven.apache.org-0-4] INFO  o.e.m.c.i.e.AbstractTransferListenerAdapter - Downloading https://repo.maven.apache.org/maven2/org/codehaus/plexus/plexus-archiver/4.2.1/plexus-archiver-4.2.1.jar
2023-09-14 20:37:41,608 [AetherRepositoryConnector-repo.maven.apache.org-0-3] INFO  o.e.m.c.i.e.AbstractTransferListenerAdapter - Downloading https://repo.maven.apache.org/maven2/org/apache/maven/shared/maven-shared-utils/3.2.1/maven-shared-utils-3.2.1.jar
2023-09-14 20:37:41,668 [AetherRepositoryConnector-repo.maven.apache.org-0-1] INFO  o.e.m.c.i.e.AbstractTransferListenerAdapter - Downloaded https://repo.maven.apache.org/maven2/org/codehaus/plexus/plexus-component-annotations/1.7.1/plexus-component-annotations-1.7.1.jar
2023-09-14 20:37:41,950 [AetherRepositoryConnector-repo.maven.apache.org-0-1] INFO  o.e.m.c.i.e.AbstractTransferListenerAdapter - Downloading https://repo.maven.apache.org/maven2/org/apache/commons/commons-compress/1.19/commons-compress-1.19.jar
2023-09-14 20:37:42,014 [AetherRepositoryConnector-repo.maven.apache.org-0-0] INFO  o.e.m.c.i.e.AbstractTransferListenerAdapter - Downloaded https://repo.maven.apache.org/maven2/org/codehaus/plexus/plexus-interpolation/1.14/plexus-interpolation-1.14.jar
2023-09-14 20:37:42,214 [AetherRepositoryConnector-repo.maven.apache.org-0-2] INFO  o.e.m.c.i.e.AbstractTransferListenerAdapter - Downloaded https://repo.maven.apache.org/maven2/org/apache/maven/maven-archiver/3.5.0/maven-archiver-3.5.0.jar
2023-09-14 20:37:42,220 [AetherRepositoryConnector-repo.maven.apache.org-0-3] INFO  o.e.m.c.i.e.AbstractTransferListenerAdapter - Downloaded https://repo.maven.apache.org/maven2/org/apache/maven/shared/maven-shared-utils/3.2.1/maven-shared-utils-3.2.1.jar
2023-09-14 20:37:42,224 [AetherRepositoryConnector-repo.maven.apache.org-0-4] INFO  o.e.m.c.i.e.AbstractTransferListenerAdapter - Downloaded https://repo.maven.apache.org/maven2/org/codehaus/plexus/plexus-archiver/4.2.1/plexus-archiver-4.2.1.jar
2023-09-14 20:37:42,375 [AetherRepositoryConnector-repo.maven.apache.org-0-1] INFO  o.e.m.c.i.e.AbstractTransferListenerAdapter - Downloaded https://repo.maven.apache.org/maven2/org/apache/commons/commons-compress/1.19/commons-compress-1.19.jar
2023-09-14 20:37:43,243 [Worker-47: Updating Maven Project] INFO  o.e.m.c.i.p.ProjectConfigurationManager - Update started
2023-09-14 20:37:43,577 [Worker-47: Updating Maven Project] INFO  o.e.m.c.i.l.LifecycleMappingFactory - Using org.eclipse.m2e.jdt.JarLifecycleMapping lifecycle mapping for MavenProject: prueba:prueba:1 @ C:\coop\prueba de metodo\prueba\pom.xml.
2023-09-14 20:37:43,775 [Worker-47: Updating Maven Project] INFO  o.e.m.j.i.AbstractJavaProjectConfigurator - Adding source folder /prueba/src/main/java
2023-09-14 20:37:43,775 [Worker-47: Updating Maven Project] INFO  o.e.m.j.i.AbstractJavaProjectConfigurator - Adding resource folder /prueba/src/main/resources
2023-09-14 20:37:43,776 [Worker-47: Updating Maven Project] INFO  o.e.m.j.i.AbstractJavaProjectConfigurator - Adding source folder /prueba/src/test/java
2023-09-14 20:37:43,776 [Worker-47: Updating Maven Project] INFO  o.e.m.j.i.AbstractJavaProjectConfigurator - Adding resource folder /prueba/src/test/resources
2023-09-14 20:37:44,157 [Worker-47: Updating Maven Project] WARN  o.e.m.c.i.embedder.EclipseLogger - Using platform encoding (UTF-8 actually) to copy filtered resources, i.e. build is platform dependent!
2023-09-14 20:37:44,160 [Worker-47: Updating Maven Project] INFO  o.e.m.c.i.embedder.EclipseLogger - Copying 0 resource
2023-09-14 20:37:44,166 [Worker-47: Updating Maven Project] WARN  o.e.m.c.i.embedder.EclipseLogger - Using platform encoding (UTF-8 actually) to copy filtered resources, i.e. build is platform dependent!
2023-09-14 20:37:44,167 [Worker-47: Updating Maven Project] INFO  o.e.m.c.i.embedder.EclipseLogger - Copying 0 resource
2023-09-14 20:37:44,727 [Worker-47: Updating Maven Project] INFO  o.e.m.c.i.p.ProjectConfigurationManager - Update completed for 1 poms: local refresh takes 0,00 sec, refresh facades takes 0,00 sec, update config takes 0,00 sec 
2023-09-14 20:37:44,955 [Worker-51: Building] WARN  o.e.m.c.i.embedder.EclipseLogger - Using platform encoding (UTF-8 actually) to copy filtered resources, i.e. build is platform dependent!
2023-09-14 20:37:44,957 [Worker-51: Building] INFO  o.e.m.c.i.embedder.EclipseLogger - Copying 0 resource
2023-09-14 20:37:44,959 [Worker-51: Building] WARN  o.e.m.c.i.embedder.EclipseLogger - Using platform encoding (UTF-8 actually) to copy filtered resources, i.e. build is platform dependent!
2023-09-14 20:37:44,960 [Worker-51: Building] INFO  o.e.m.c.i.embedder.EclipseLogger - Copying 0 resource
2023-09-14 20:37:52,983 [Worker-49: Launching Executing clean in C__coop_prueba de metodo_prueba] INFO  o.e.m.i.launch.MavenLaunchDelegate - Run build in "C:\coop\prueba de metodo\prueba":
2023-09-14 20:37:52,983 [Worker-49: Launching Executing clean in C__coop_prueba de metodo_prueba] INFO  o.e.m.i.launch.MavenLaunchDelegate -  mvn  -B -Dstyle.color=always -s C:\Users\RogerM\Downloads\Compressed\apache-maven-3.9.4-bin\apache-maven-3.9.4\conf\settings.xml clean
2023-09-14 20:38:00,164 [Worker-46: Launching Executing install in C__coop_prueba de metodo_prueba] INFO  o.e.m.i.launch.MavenLaunchDelegate - Run build in "C:\coop\prueba de metodo\prueba":
2023-09-14 20:38:00,165 [Worker-46: Launching Executing install in C__coop_prueba de metodo_prueba] INFO  o.e.m.i.launch.MavenLaunchDelegate -  mvn  -B -Dstyle.color=always -s C:\Users\RogerM\Downloads\Compressed\apache-maven-3.9.4-bin\apache-maven-3.9.4\conf\settings.xml install
2023-09-14 20:39:14,760 [Worker-53: Creating project "ee"] INFO  o.e.m.c.i.l.LifecycleMappingFactory - Using org.eclipse.m2e.jdt.JarLifecycleMapping lifecycle mapping for MavenProject: prueba:ee:1.1 @ C:\coop\prueba de metodo\ee\pom.xml.
2023-09-14 20:39:15,017 [Worker-53: Creating project "ee"] INFO  o.e.m.j.i.AbstractJavaProjectConfigurator - Adding source folder /ee/src/main/java
2023-09-14 20:39:15,017 [Worker-53: Creating project "ee"] INFO  o.e.m.j.i.AbstractJavaProjectConfigurator - Adding resource folder /ee/src/main/resources
2023-09-14 20:39:15,018 [Worker-53: Creating project "ee"] INFO  o.e.m.j.i.AbstractJavaProjectConfigurator - Adding source folder /ee/src/test/java
2023-09-14 20:39:15,018 [Worker-53: Creating project "ee"] INFO  o.e.m.j.i.AbstractJavaProjectConfigurator - Adding resource folder /ee/src/test/resources
2023-09-14 20:39:15,204 [Worker-53: Creating project "ee"] WARN  o.e.m.c.i.embedder.EclipseLogger - Using platform encoding (UTF-8 actually) to copy filtered resources, i.e. build is platform dependent!
2023-09-14 20:39:15,205 [Worker-53: Creating project "ee"] INFO  o.e.m.c.i.embedder.EclipseLogger - Copying 0 resource
2023-09-14 20:39:15,208 [Worker-53: Creating project "ee"] WARN  o.e.m.c.i.embedder.EclipseLogger - Using platform encoding (UTF-8 actually) to copy filtered resources, i.e. build is platform dependent!
2023-09-14 20:39:15,209 [Worker-53: Creating project "ee"] INFO  o.e.m.c.i.embedder.EclipseLogger - Copying 0 resource
2023-09-14 20:39:15,547 [Worker-51: Building] WARN  o.e.m.c.i.embedder.EclipseLogger - Using platform encoding (UTF-8 actually) to copy filtered resources, i.e. build is platform dependent!
2023-09-14 20:39:15,548 [Worker-51: Building] INFO  o.e.m.c.i.embedder.EclipseLogger - Copying 0 resource
2023-09-14 20:39:15,551 [Worker-51: Building] WARN  o.e.m.c.i.embedder.EclipseLogger - Using platform encoding (UTF-8 actually) to copy filtered resources, i.e. build is platform dependent!
2023-09-14 20:39:15,552 [Worker-51: Building] INFO  o.e.m.c.i.embedder.EclipseLogger - Copying 0 resource
2023-09-14 20:39:38,862 [Worker-48: Building] WARN  o.e.m.c.i.embedder.EclipseLogger - Using platform encoding (UTF-8 actually) to copy filtered resources, i.e. build is platform dependent!
2023-09-14 20:39:38,864 [Worker-48: Building] INFO  o.e.m.c.i.embedder.EclipseLogger - Copying 0 resource
2023-09-14 20:39:38,869 [Worker-48: Building] WARN  o.e.m.c.i.embedder.EclipseLogger - Using platform encoding (UTF-8 actually) to copy filtered resources, i.e. build is platform dependent!
2023-09-14 20:39:38,871 [Worker-48: Building] INFO  o.e.m.c.i.embedder.EclipseLogger - Copying 0 resource
2023-09-14 20:39:59,634 [Worker-51: Building] INFO  o.e.m.c.i.l.LifecycleMappingFactory - Using org.eclipse.m2e.jdt.JarLifecycleMapping lifecycle mapping for MavenProject: prueba:prueba:1.1 @ C:\coop\prueba de metodo\ee\pom.xml.
2023-09-14 20:39:59,679 [Worker-51: Building] WARN  o.e.m.c.i.embedder.EclipseLogger - Using platform encoding (UTF-8 actually) to copy filtered resources, i.e. build is platform dependent!
2023-09-14 20:39:59,681 [Worker-51: Building] INFO  o.e.m.c.i.embedder.EclipseLogger - Copying 0 resource
2023-09-14 20:39:59,683 [Worker-51: Building] WARN  o.e.m.c.i.embedder.EclipseLogger - Using platform encoding (UTF-8 actually) to copy filtered resources, i.e. build is platform dependent!
2023-09-14 20:39:59,684 [Worker-51: Building] INFO  o.e.m.c.i.embedder.EclipseLogger - Copying 0 resource
2023-09-14 20:40:57,510 [Worker-56: Building] INFO  o.e.m.c.i.l.LifecycleMappingFactory - Using org.eclipse.m2e.jdt.JarLifecycleMapping lifecycle mapping for MavenProject: prueba:prueba:1.1 @ C:\coop\prueba de metodo\ee\pom.xml.
2023-09-14 20:40:57,537 [Worker-56: Building] INFO  o.e.m.c.i.p.WorkspaceClassifierResolverManager - Resolving P/prueba: prueba:prueba:1 with classifier  to /prueba/target/classes
2023-09-14 20:40:57,585 [Worker-56: Building] WARN  o.e.m.c.i.embedder.EclipseLogger - Using platform encoding (UTF-8 actually) to copy filtered resources, i.e. build is platform dependent!
2023-09-14 20:40:57,587 [Worker-56: Building] INFO  o.e.m.c.i.embedder.EclipseLogger - Copying 0 resource
2023-09-14 20:40:57,589 [Worker-56: Building] WARN  o.e.m.c.i.embedder.EclipseLogger - Using platform encoding (UTF-8 actually) to copy filtered resources, i.e. build is platform dependent!
2023-09-14 20:40:57,590 [Worker-56: Building] INFO  o.e.m.c.i.embedder.EclipseLogger - Copying 0 resource
2023-09-14 20:41:23,235 [Worker-48: Launching Executing install in C__coop_prueba de metodo_ee] INFO  o.e.m.i.launch.MavenLaunchDelegate - Run build in "C:\coop\prueba de metodo\ee":
2023-09-14 20:41:23,236 [Worker-48: Launching Executing install in C__coop_prueba de metodo_ee] INFO  o.e.m.i.launch.MavenLaunchDelegate -  mvn  -B -Dstyle.color=always -s C:\Users\RogerM\Downloads\Compressed\apache-maven-3.9.4-bin\apache-maven-3.9.4\conf\settings.xml install
2023-09-14 20:42:32,568 [Worker-54: Building] WARN  o.e.m.c.i.embedder.EclipseLogger - Using platform encoding (UTF-8 actually) to copy filtered resources, i.e. build is platform dependent!
2023-09-14 20:42:32,570 [Worker-54: Building] INFO  o.e.m.c.i.embedder.EclipseLogger - Copying 0 resource
2023-09-14 20:42:32,572 [Worker-54: Building] WARN  o.e.m.c.i.embedder.EclipseLogger - Using platform encoding (UTF-8 actually) to copy filtered resources, i.e. build is platform dependent!
2023-09-14 20:42:32,573 [Worker-54: Building] INFO  o.e.m.c.i.embedder.EclipseLogger - Copying 0 resource
2023-09-14 20:42:47,261 [Worker-56: Launching Executing install in C__coop_prueba de metodo_ee] INFO  o.e.m.i.launch.MavenLaunchDelegate - Run build in "C:\coop\prueba de metodo\ee":
2023-09-14 20:42:47,262 [Worker-56: Launching Executing install in C__coop_prueba de metodo_ee] INFO  o.e.m.i.launch.MavenLaunchDelegate -  mvn  -B -Dstyle.color=always -s C:\Users\RogerM\Downloads\Compressed\apache-maven-3.9.4-bin\apache-maven-3.9.4\conf\settings.xml install
2023-09-14 20:42:49,478 [Worker-55: Launching Executing install in C__coop_prueba de metodo_ee] INFO  o.e.m.i.launch.MavenLaunchDelegate - Run build in "C:\coop\prueba de metodo\ee":
2023-09-14 20:42:49,478 [Worker-55: Launching Executing install in C__coop_prueba de metodo_ee] INFO  o.e.m.i.launch.MavenLaunchDelegate -  mvn  -B -Dstyle.color=always -s C:\Users\RogerM\Downloads\Compressed\apache-maven-3.9.4-bin\apache-maven-3.9.4\conf\settings.xml install
2023-09-14 20:42:50,071 [Worker-56: Launching Executing install in C__coop_prueba de metodo_ee] INFO  o.e.m.i.launch.MavenLaunchDelegate - Run build in "C:\coop\prueba de metodo\ee":
2023-09-14 20:42:50,071 [Worker-56: Launching Executing install in C__coop_prueba de metodo_ee] INFO  o.e.m.i.launch.MavenLaunchDelegate -  mvn  -B -Dstyle.color=always -s C:\Users\RogerM\Downloads\Compressed\apache-maven-3.9.4-bin\apache-maven-3.9.4\conf\settings.xml install
2023-09-14 20:42:50,645 [Worker-53: Launching Executing install in C__coop_prueba de metodo_ee] INFO  o.e.m.i.launch.MavenLaunchDelegate - Run build in "C:\coop\prueba de metodo\ee":
2023-09-14 20:42:50,645 [Worker-53: Launching Executing install in C__coop_prueba de metodo_ee] INFO  o.e.m.i.launch.MavenLaunchDelegate -  mvn  -B -Dstyle.color=always -s C:\Users\RogerM\Downloads\Compressed\apache-maven-3.9.4-bin\apache-maven-3.9.4\conf\settings.xml install
2023-09-14 20:42:51,014 [Worker-56: Launching Executing install in C__coop_prueba de metodo_ee] INFO  o.e.m.i.launch.MavenLaunchDelegate - Run build in "C:\coop\prueba de metodo\ee":
2023-09-14 20:42:51,014 [Worker-53: Launching Executing install in C__coop_prueba de metodo_ee] INFO  o.e.m.i.launch.MavenLaunchDelegate - Run build in "C:\coop\prueba de metodo\ee":
2023-09-14 20:42:51,014 [Worker-53: Launching Executing install in C__coop_prueba de metodo_ee] INFO  o.e.m.i.launch.MavenLaunchDelegate -  mvn  -B -Dstyle.color=always -s C:\Users\RogerM\Downloads\Compressed\apache-maven-3.9.4-bin\apache-maven-3.9.4\conf\settings.xml install
2023-09-14 20:42:51,014 [Worker-56: Launching Executing install in C__coop_prueba de metodo_ee] INFO  o.e.m.i.launch.MavenLaunchDelegate -  mvn  -B -Dstyle.color=always -s C:\Users\RogerM\Downloads\Compressed\apache-maven-3.9.4-bin\apache-maven-3.9.4\conf\settings.xml install
2023-09-14 20:42:51,015 [Worker-55: Launching Executing install in C__coop_prueba de metodo_ee] INFO  o.e.m.i.launch.MavenLaunchDelegate - Run build in "C:\coop\prueba de metodo\ee":
2023-09-14 20:42:51,015 [Worker-55: Launching Executing install in C__coop_prueba de metodo_ee] INFO  o.e.m.i.launch.MavenLaunchDelegate -  mvn  -B -Dstyle.color=always -s C:\Users\RogerM\Downloads\Compressed\apache-maven-3.9.4-bin\apache-maven-3.9.4\conf\settings.xml install
2023-09-14 20:42:51,960 [Worker-55: Launching Executing install in C__coop_prueba de metodo_ee] INFO  o.e.m.i.launch.MavenLaunchDelegate - Run build in "C:\coop\prueba de metodo\ee":
2023-09-14 20:42:51,960 [Worker-55: Launching Executing install in C__coop_prueba de metodo_ee] INFO  o.e.m.i.launch.MavenLaunchDelegate -  mvn  -B -Dstyle.color=always -s C:\Users\RogerM\Downloads\Compressed\apache-maven-3.9.4-bin\apache-maven-3.9.4\conf\settings.xml install
2023-09-14 20:42:51,964 [Worker-56: Launching Executing install in C__coop_prueba de metodo_ee] INFO  o.e.m.i.launch.MavenLaunchDelegate - Run build in "C:\coop\prueba de metodo\ee":
2023-09-14 20:42:51,964 [Worker-56: Launching Executing install in C__coop_prueba de metodo_ee] INFO  o.e.m.i.launch.MavenLaunchDelegate -  mvn  -B -Dstyle.color=always -s C:\Users\RogerM\Downloads\Compressed\apache-maven-3.9.4-bin\apache-maven-3.9.4\conf\settings.xml install
2023-09-14 20:42:51,965 [Worker-48: Launching Executing install in C__coop_prueba de metodo_ee] INFO  o.e.m.i.launch.MavenLaunchDelegate - Run build in "C:\coop\prueba de metodo\ee":
2023-09-14 20:42:51,965 [Worker-48: Launching Executing install in C__coop_prueba de metodo_ee] INFO  o.e.m.i.launch.MavenLaunchDelegate -  mvn  -B -Dstyle.color=always -s C:\Users\RogerM\Downloads\Compressed\apache-maven-3.9.4-bin\apache-maven-3.9.4\conf\settings.xml install
2023-09-14 20:42:51,985 [Worker-58: Launching Executing install in C__coop_prueba de metodo_ee] INFO  o.e.m.i.launch.MavenLaunchDelegate - Run build in "C:\coop\prueba de metodo\ee":
2023-09-14 20:42:51,985 [Worker-58: Launching Executing install in C__coop_prueba de metodo_ee] INFO  o.e.m.i.launch.MavenLaunchDelegate -  mvn  -B -Dstyle.color=always -s C:\Users\RogerM\Downloads\Compressed\apache-maven-3.9.4-bin\apache-maven-3.9.4\conf\settings.xml install
2023-09-14 20:43:13,484 [Worker-58: Building] WARN  o.e.m.c.i.embedder.EclipseLogger - Using platform encoding (UTF-8 actually) to copy filtered resources, i.e. build is platform dependent!
2023-09-14 20:43:13,486 [Worker-58: Building] INFO  o.e.m.c.i.embedder.EclipseLogger - Copying 0 resource
2023-09-14 20:43:13,488 [Worker-58: Building] WARN  o.e.m.c.i.embedder.EclipseLogger - Using platform encoding (UTF-8 actually) to copy filtered resources, i.e. build is platform dependent!
2023-09-14 20:43:13,489 [Worker-58: Building] INFO  o.e.m.c.i.embedder.EclipseLogger - Copying 0 resource
2023-09-14 20:43:29,804 [Worker-48: Building] WARN  o.e.m.c.i.embedder.EclipseLogger - Using platform encoding (UTF-8 actually) to copy filtered resources, i.e. build is platform dependent!
2023-09-14 20:43:29,806 [Worker-48: Building] INFO  o.e.m.c.i.embedder.EclipseLogger - Copying 0 resource
2023-09-14 20:43:29,808 [Worker-48: Building] WARN  o.e.m.c.i.embedder.EclipseLogger - Using platform encoding (UTF-8 actually) to copy filtered resources, i.e. build is platform dependent!
2023-09-14 20:43:29,809 [Worker-48: Building] INFO  o.e.m.c.i.embedder.EclipseLogger - Copying 0 resource
2023-09-14 20:43:33,341 [Worker-56: Launching Main (1)] INFO  o.e.m.c.i.p.WorkspaceClassifierResolverManager - Resolving P/prueba: prueba:prueba:1 with classifier null to /prueba/target/classes
2023-09-14 20:43:33,353 [Worker-56: Launching Main (1)] INFO  o.e.m.c.i.p.WorkspaceClassifierResolverManager - Resolving P/prueba: prueba:prueba:1 with classifier null to /prueba/target/classes
2023-09-14 20:43:33,365 [Worker-56: Launching Main (1)] INFO  o.e.m.c.i.p.WorkspaceClassifierResolverManager - Resolving P/prueba: prueba:prueba:1 with classifier null to /prueba/target/classes
2023-09-14 20:46:01,955 [Worker-57: Updating Maven Dependencies] INFO  o.e.m.c.i.l.LifecycleMappingFactory - Using org.eclipse.m2e.jdt.JarLifecycleMapping lifecycle mapping for MavenProject: prueba:prueba:1.1 @ C:\coop\prueba de metodo\ee\pom.xml.
2023-09-14 20:46:02,244 [Worker-56: Building] INFO  o.e.m.c.i.l.LifecycleMappingFactory - Using org.eclipse.m2e.jdt.JarLifecycleMapping lifecycle mapping for MavenProject: prueba:prueba:1 @ C:\coop\prueba de metodo\programa_principal\pom.xml.
2023-09-14 20:46:02,369 [Worker-56: Building] INFO  o.e.m.c.i.l.LifecycleMappingFactory - Using org.eclipse.m2e.jdt.JarLifecycleMapping lifecycle mapping for MavenProject: prueba:prueba:1.1 @ C:\coop\prueba de metodo\ee\pom.xml.
2023-09-14 20:46:02,855 [Worker-56: Building] WARN  o.e.m.c.i.embedder.EclipseLogger - Using platform encoding (UTF-8 actually) to copy filtered resources, i.e. build is platform dependent!
2023-09-14 20:46:02,857 [Worker-56: Building] INFO  o.e.m.c.i.embedder.EclipseLogger - Copying 0 resource
2023-09-14 20:46:02,859 [Worker-56: Building] WARN  o.e.m.c.i.embedder.EclipseLogger - Using platform encoding (UTF-8 actually) to copy filtered resources, i.e. build is platform dependent!
2023-09-14 20:46:02,860 [Worker-56: Building] INFO  o.e.m.c.i.embedder.EclipseLogger - Copying 0 resource
2023-09-14 20:46:04,433 [Worker-64: Updating Maven Dependencies] INFO  o.e.m.c.i.l.LifecycleMappingFactory - Using org.eclipse.m2e.jdt.JarLifecycleMapping lifecycle mapping for MavenProject: prueba:prueba:1.1 @ C:\coop\prueba de metodo\ee\pom.xml.
2023-09-14 20:46:04,459 [Worker-64: Updating Maven Dependencies] INFO  o.e.m.c.i.p.WorkspaceClassifierResolverManager - Resolving P/programa_principal: prueba:prueba:1 with classifier  to /programa_principal/target/classes
2023-09-14 20:46:04,481 [Worker-59: Download sources and javadoc] INFO  o.e.m.c.i.e.AbstractTransferListenerAdapter - Downloaded https://repo.maven.apache.org/maven2/prueba/prueba/1/prueba-1-sources.jar
2023-09-14 20:46:04,488 [Worker-59: Download sources and javadoc] ERROR o.e.m.j.internal.DownloadSourcesJob - Could not download sources for prueba:prueba:1
org.eclipse.core.runtime.CoreException: Could not resolve artifact prueba:prueba:jar:sources:1
	at org.eclipse.m2e.core.internal.embedder.MavenImpl.lambda$6(MavenImpl.java:584)
	at org.eclipse.m2e.core.internal.embedder.MavenExecutionContext.executeBare(MavenExecutionContext.java:394)
	at org.eclipse.m2e.core.internal.embedder.MavenExecutionContext.execute(MavenExecutionContext.java:228)
	at org.eclipse.m2e.core.internal.embedder.MavenExecutionContext.execute(MavenExecutionContext.java:214)
	at org.eclipse.m2e.core.internal.embedder.MavenImpl.resolve(MavenImpl.java:553)
	at org.eclipse.m2e.core.internal.embedder.MavenImpl.resolve(MavenImpl.java:538)
	at org.eclipse.m2e.jdt.internal.DownloadSourcesJob.download(DownloadSourcesJob.java:308)
	at org.eclipse.m2e.jdt.internal.DownloadSourcesJob.downloadAttachments(DownloadSourcesJob.java:282)
	at org.eclipse.m2e.jdt.internal.DownloadSourcesJob.downloadMaven(DownloadSourcesJob.java:252)
	at org.eclipse.m2e.jdt.internal.DownloadSourcesJob.downloadFilesAndPopulateToUpdate(DownloadSourcesJob.java:220)
	at org.eclipse.m2e.jdt.internal.DownloadSourcesJob.lambda$0(DownloadSourcesJob.java:149)
	at org.eclipse.m2e.core.internal.embedder.MavenExecutionContext.executeBare(MavenExecutionContext.java:394)
	at org.eclipse.m2e.core.internal.embedder.MavenExecutionContext.execute(MavenExecutionContext.java:275)
	at org.eclipse.m2e.core.internal.embedder.MavenExecutionContext.execute(MavenExecutionContext.java:214)
	at org.eclipse.m2e.core.embedder.IMaven.execute(IMaven.java:294)
	at org.eclipse.m2e.jdt.internal.DownloadSourcesJob.run(DownloadSourcesJob.java:149)
	at org.eclipse.core.internal.jobs.Worker.run(Worker.java:63)
2023-09-14 20:46:21,343 [Worker-56: Building] INFO  o.e.m.c.i.l.LifecycleMappingFactory - Using org.eclipse.m2e.jdt.JarLifecycleMapping lifecycle mapping for MavenProject: prueba:prueba:1.1 @ C:\coop\prueba de metodo\programa_dos\pom.xml.
2023-09-14 20:46:21,375 [Worker-56: Building] INFO  o.e.m.c.i.p.WorkspaceClassifierResolverManager - Resolving P/programa_principal: prueba:prueba:1 with classifier  to /programa_principal/target/classes
2023-09-14 20:46:21,736 [Worker-56: Building] WARN  o.e.m.c.i.embedder.EclipseLogger - Using platform encoding (UTF-8 actually) to copy filtered resources, i.e. build is platform dependent!
2023-09-14 20:46:21,737 [Worker-56: Building] INFO  o.e.m.c.i.embedder.EclipseLogger - Copying 0 resource
2023-09-14 20:46:21,740 [Worker-56: Building] WARN  o.e.m.c.i.embedder.EclipseLogger - Using platform encoding (UTF-8 actually) to copy filtered resources, i.e. build is platform dependent!
2023-09-14 20:46:21,741 [Worker-56: Building] INFO  o.e.m.c.i.embedder.EclipseLogger - Copying 0 resource
2023-09-14 20:46:32,156 [Worker-56: Launching Main (1)] INFO  o.e.m.c.i.p.WorkspaceClassifierResolverManager - Resolving P/programa_principal: prueba:prueba:1 with classifier null to /programa_principal/target/classes
2023-09-14 20:46:32,172 [Worker-56: Launching Main (1)] INFO  o.e.m.c.i.p.WorkspaceClassifierResolverManager - Resolving P/programa_principal: prueba:prueba:1 with classifier null to /programa_principal/target/classes
2023-09-14 20:46:32,190 [Worker-56: Launching Main (1)] INFO  o.e.m.c.i.p.WorkspaceClassifierResolverManager - Resolving P/programa_principal: prueba:prueba:1 with classifier null to /programa_principal/target/classes
2023-09-14 20:47:06,736 [Worker-63: Launching Main (1)] INFO  o.e.m.c.i.p.WorkspaceClassifierResolverManager - Resolving P/programa_principal: prueba:prueba:1 with classifier null to /programa_principal/target/classes
2023-09-14 20:47:06,749 [Worker-63: Launching Main (1)] INFO  o.e.m.c.i.p.WorkspaceClassifierResolverManager - Resolving P/programa_principal: prueba:prueba:1 with classifier null to /programa_principal/target/classes
2023-09-14 20:47:06,760 [Worker-63: Launching Main (1)] INFO  o.e.m.c.i.p.WorkspaceClassifierResolverManager - Resolving P/programa_principal: prueba:prueba:1 with classifier null to /programa_principal/target/classes
2023-09-19 19:46:11,303 [Worker-5: Loading available Gradle versions] INFO  o.e.b.c.i.u.g.PublishedGradleVersions - Gradle version information cache is out-of-date. Trying to update.
2023-09-19 19:51:07,140 [main] ERROR o.e.m2e.editor.pom.MavenPomEditor - Cannot determine URI for '/prueba/pom.xml'.
org.eclipse.ui.PartInitException: Cannot determine URI for '/prueba/pom.xml'.
	at org.eclipse.ui.texteditor.AbstractTextEditor.internalInit(AbstractTextEditor.java:3198)
	at org.eclipse.ui.texteditor.AbstractTextEditor.init(AbstractTextEditor.java:3209)
	at org.eclipse.ui.part.MultiPageEditorPart.addPage(MultiPageEditorPart.java:224)
	at org.eclipse.ui.forms.editor.FormEditor.addPage(FormEditor.java:331)
	at org.eclipse.ui.part.MultiPageEditorPart.addPage(MultiPageEditorPart.java:203)
	at org.eclipse.ui.forms.editor.FormEditor.addPage(FormEditor.java:313)
	at org.eclipse.m2e.editor.pom.MavenPomEditor.addFallbackEditors(MavenPomEditor.java:361)
	at org.eclipse.m2e.editor.pom.MavenPomEditor.addPages(MavenPomEditor.java:337)
	at org.eclipse.ui.forms.editor.FormEditor.createPages(FormEditor.java:143)
	at org.eclipse.ui.part.MultiPageEditorPart.createPartControl(MultiPageEditorPart.java:333)
	at org.eclipse.ui.internal.e4.compatibility.CompatibilityPart.createPartControl(CompatibilityPart.java:158)
	at org.eclipse.ui.internal.e4.compatibility.CompatibilityEditor.createPartControl(CompatibilityEditor.java:96)
	at org.eclipse.ui.internal.e4.compatibility.CompatibilityPart.create(CompatibilityPart.java:365)
	at java.base/jdk.internal.reflect.DirectMethodHandleAccessor.invoke(DirectMethodHandleAccessor.java:104)
	at java.base/java.lang.reflect.Method.invoke(Method.java:578)
	at org.eclipse.e4.core.internal.di.MethodRequestor.execute(MethodRequestor.java:58)
	at org.eclipse.e4.core.internal.di.InjectorImpl.processAnnotated(InjectorImpl.java:995)
	at org.eclipse.e4.core.internal.di.InjectorImpl.processAnnotated(InjectorImpl.java:960)
	at org.eclipse.e4.core.internal.di.InjectorImpl.internalInject(InjectorImpl.java:140)
	at org.eclipse.e4.core.internal.di.InjectorImpl.internalMake(InjectorImpl.java:403)
	at org.eclipse.e4.core.internal.di.InjectorImpl.make(InjectorImpl.java:330)
	at org.eclipse.e4.core.contexts.ContextInjectionFactory.make(ContextInjectionFactory.java:202)
	at org.eclipse.e4.ui.internal.workbench.ReflectionContributionFactory.createFromBundle(ReflectionContributionFactory.java:91)
	at org.eclipse.e4.ui.internal.workbench.ReflectionContributionFactory.doCreate(ReflectionContributionFactory.java:60)
	at org.eclipse.e4.ui.internal.workbench.ReflectionContributionFactory.create(ReflectionContributionFactory.java:42)
	at org.eclipse.e4.ui.workbench.renderers.swt.ContributedPartRenderer.createWidget(ContributedPartRenderer.java:132)
	at org.eclipse.e4.ui.internal.workbench.swt.PartRenderingEngine.createWidget(PartRenderingEngine.java:995)
	at org.eclipse.e4.ui.internal.workbench.swt.PartRenderingEngine.safeCreateGui(PartRenderingEngine.java:659)
	at org.eclipse.e4.ui.internal.workbench.swt.PartRenderingEngine.safeCreateGui(PartRenderingEngine.java:763)
	at org.eclipse.e4.ui.internal.workbench.swt.PartRenderingEngine$2.run(PartRenderingEngine.java:728)
	at org.eclipse.core.runtime.SafeRunner.run(SafeRunner.java:45)
	at org.eclipse.e4.ui.internal.workbench.swt.PartRenderingEngine.createGui(PartRenderingEngine.java:712)
	at org.eclipse.e4.ui.internal.workbench.PartServiceImpl.lambda$0(PartServiceImpl.java:105)
	at org.eclipse.e4.ui.services.internal.events.UIEventHandler.lambda$0(UIEventHandler.java:38)
	at org.eclipse.swt.widgets.Synchronizer.syncExec(Synchronizer.java:183)
	at org.eclipse.ui.internal.UISynchronizer.syncExec(UISynchronizer.java:133)
	at org.eclipse.swt.widgets.Display.syncExec(Display.java:4785)
	at org.eclipse.e4.ui.workbench.swt.DisplayUISynchronize.syncExec(DisplayUISynchronize.java:34)
	at org.eclipse.e4.ui.services.internal.events.UIEventHandler.handleEvent(UIEventHandler.java:38)
	at org.eclipse.equinox.internal.event.EventHandlerWrapper.handleEvent(EventHandlerWrapper.java:205)
	at org.eclipse.equinox.internal.event.EventHandlerTracker.dispatchEvent(EventHandlerTracker.java:203)
	at org.eclipse.equinox.internal.event.EventHandlerTracker.dispatchEvent(EventHandlerTracker.java:1)
	at org.eclipse.osgi.framework.eventmgr.EventManager.dispatchEvent(EventManager.java:234)
	at org.eclipse.osgi.framework.eventmgr.ListenerQueue.dispatchEventSynchronous(ListenerQueue.java:151)
	at org.eclipse.equinox.internal.event.EventAdminImpl.dispatchEvent(EventAdminImpl.java:133)
	at org.eclipse.equinox.internal.event.EventAdminImpl.sendEvent(EventAdminImpl.java:75)
	at org.eclipse.equinox.internal.event.EventComponent.sendEvent(EventComponent.java:44)
	at org.eclipse.e4.ui.services.internal.events.EventBroker.send(EventBroker.java:55)
	at org.eclipse.e4.ui.internal.workbench.UIEventPublisher.notifyChanged(UIEventPublisher.java:63)
	at org.eclipse.emf.common.notify.impl.BasicNotifierImpl.eNotify(BasicNotifierImpl.java:424)
	at org.eclipse.e4.ui.model.application.ui.impl.ElementContainerImpl.setSelectedElementGen(ElementContainerImpl.java:170)
	at org.eclipse.e4.ui.model.application.ui.impl.ElementContainerImpl.setSelectedElement(ElementContainerImpl.java:188)
	at org.eclipse.e4.ui.workbench.renderers.swt.StackRenderer.lambda$4(StackRenderer.java:974)
	at org.eclipse.swt.events.SelectionListener$1.widgetSelected(SelectionListener.java:84)
	at org.eclipse.swt.widgets.TypedListener.handleEvent(TypedListener.java:252)
	at org.eclipse.swt.widgets.EventTable.sendEvent(EventTable.java:89)
	at org.eclipse.swt.widgets.Display.sendEvent(Display.java:4256)
	at org.eclipse.swt.widgets.Widget.sendEvent(Widget.java:1066)
	at org.eclipse.swt.widgets.Widget.sendEvent(Widget.java:1090)
	at org.eclipse.swt.widgets.Widget.sendEvent(Widget.java:1075)
	at org.eclipse.swt.widgets.Widget.notifyListeners(Widget.java:778)
	at org.eclipse.swt.custom.CTabFolder.setSelection(CTabFolder.java:3248)
	at org.eclipse.swt.custom.CTabFolder.onMouse(CTabFolder.java:1882)
	at org.eclipse.swt.custom.CTabFolder.lambda$0(CTabFolder.java:332)
	at org.eclipse.swt.widgets.EventTable.sendEvent(EventTable.java:89)
	at org.eclipse.swt.widgets.Display.sendEvent(Display.java:4256)
	at org.eclipse.swt.widgets.Widget.sendEvent(Widget.java:1066)
	at org.eclipse.swt.widgets.Display.runDeferredEvents(Display.java:4054)
	at org.eclipse.swt.widgets.Display.readAndDispatch(Display.java:3642)
	at org.eclipse.e4.ui.internal.workbench.swt.PartRenderingEngine$5.run(PartRenderingEngine.java:1155)
	at org.eclipse.core.databinding.observable.Realm.runWithDefault(Realm.java:338)
	at org.eclipse.e4.ui.internal.workbench.swt.PartRenderingEngine.run(PartRenderingEngine.java:1046)
	at org.eclipse.e4.ui.internal.workbench.E4Workbench.createAndRunUI(E4Workbench.java:155)
	at org.eclipse.ui.internal.Workbench.lambda$3(Workbench.java:643)
	at org.eclipse.core.databinding.observable.Realm.runWithDefault(Realm.java:338)
	at org.eclipse.ui.internal.Workbench.createAndRunWorkbench(Workbench.java:550)
	at org.eclipse.ui.PlatformUI.createAndRunWorkbench(PlatformUI.java:171)
	at org.eclipse.ui.internal.ide.application.IDEApplication.start(IDEApplication.java:152)
	at org.eclipse.equinox.internal.app.EclipseAppHandle.run(EclipseAppHandle.java:203)
	at org.eclipse.core.runtime.internal.adaptor.EclipseAppLauncher.runApplication(EclipseAppLauncher.java:136)
	at org.eclipse.core.runtime.internal.adaptor.EclipseAppLauncher.start(EclipseAppLauncher.java:104)
	at org.eclipse.core.runtime.adaptor.EclipseStarter.run(EclipseStarter.java:402)
	at org.eclipse.core.runtime.adaptor.EclipseStarter.run(EclipseStarter.java:255)
	at java.base/jdk.internal.reflect.DirectMethodHandleAccessor.invoke(DirectMethodHandleAccessor.java:104)
	at java.base/java.lang.reflect.Method.invoke(Method.java:578)
	at org.eclipse.equinox.launcher.Main.invokeFramework(Main.java:659)
	at org.eclipse.equinox.launcher.Main.basicRun(Main.java:596)
	at org.eclipse.equinox.launcher.Main.run(Main.java:1467)
Caused by: org.eclipse.core.runtime.CoreException: Cannot determine URI for '/prueba/pom.xml'.
	at org.eclipse.core.internal.filebuffers.ResourceFileBuffer.create(ResourceFileBuffer.java:239)
	at org.eclipse.core.internal.filebuffers.TextFileBufferManager.connect(TextFileBufferManager.java:115)
	at org.eclipse.ui.editors.text.TextFileDocumentProvider.createFileInfo(TextFileDocumentProvider.java:563)
	at org.eclipse.ui.editors.text.TextFileDocumentProvider.connect(TextFileDocumentProvider.java:481)
	at org.eclipse.ui.texteditor.AbstractTextEditor.doSetInput(AbstractTextEditor.java:4177)
	at org.eclipse.ui.texteditor.StatusTextEditor.doSetInput(StatusTextEditor.java:262)
	at org.eclipse.ui.texteditor.AbstractDecoratedTextEditor.doSetInput(AbstractDecoratedTextEditor.java:1489)
	at org.eclipse.ui.editors.text.TextEditor.doSetInput(TextEditor.java:153)
	at org.eclipse.ui.internal.genericeditor.ExtensionBasedTextEditor.doSetInput(ExtensionBasedTextEditor.java:86)
	at org.eclipse.ui.texteditor.AbstractTextEditor.lambda$1(AbstractTextEditor.java:3167)
	at org.eclipse.jface.operation.ModalContext.runInCurrentThread(ModalContext.java:434)
	at org.eclipse.jface.operation.ModalContext.run(ModalContext.java:352)
	at org.eclipse.ui.internal.WorkbenchWindow.lambda$7(WorkbenchWindow.java:2346)
	at org.eclipse.swt.custom.BusyIndicator.showWhile(BusyIndicator.java:67)
	at org.eclipse.ui.internal.WorkbenchWindow.run(WorkbenchWindow.java:2344)
	at org.eclipse.ui.texteditor.AbstractTextEditor.internalInit(AbstractTextEditor.java:3184)
	... 87 common frames omitted
2023-09-19 20:01:38,216 [Worker-39: Building] WARN  o.e.m.c.i.embedder.EclipseLogger - Using platform encoding (UTF-8 actually) to copy filtered resources, i.e. build is platform dependent!
2023-09-19 20:01:38,224 [Worker-39: Building] INFO  o.e.m.c.i.embedder.EclipseLogger - Copying 0 resource
2023-09-19 20:01:38,231 [Worker-39: Building] WARN  o.e.m.c.i.embedder.EclipseLogger - Using platform encoding (UTF-8 actually) to copy filtered resources, i.e. build is platform dependent!
2023-09-19 20:01:38,233 [Worker-39: Building] INFO  o.e.m.c.i.embedder.EclipseLogger - Copying 0 resource
2023-09-19 20:01:41,564 [Worker-39: Building] INFO  o.e.m.c.i.p.WorkspaceClassifierResolverManager - Resolving P/programa_principal: prueba:prueba:1 with classifier  to /programa_principal/target/classes
2023-09-19 20:01:42,057 [Worker-39: Building] WARN  o.e.m.c.i.embedder.EclipseLogger - Using platform encoding (UTF-8 actually) to copy filtered resources, i.e. build is platform dependent!
2023-09-19 20:01:42,058 [Worker-39: Building] INFO  o.e.m.c.i.embedder.EclipseLogger - Copying 0 resource
2023-09-19 20:01:42,063 [Worker-39: Building] WARN  o.e.m.c.i.embedder.EclipseLogger - Using platform encoding (UTF-8 actually) to copy filtered resources, i.e. build is platform dependent!
2023-09-19 20:01:42,065 [Worker-39: Building] INFO  o.e.m.c.i.embedder.EclipseLogger - Copying 0 resource
2023-09-19 20:36:32,675 [Worker-42: Creating project "pruebajson"] INFO  o.e.m.c.i.l.LifecycleMappingFactory - Using org.eclipse.m2e.jdt.JarLifecycleMapping lifecycle mapping for MavenProject: pruebajson:pruebajson:1 @ C:\coop\prueba de metodo\pruebajson\pom.xml.
2023-09-19 20:36:32,955 [Worker-42: Creating project "pruebajson"] INFO  o.e.m.j.i.AbstractJavaProjectConfigurator - Adding source folder /pruebajson/src/main/java
2023-09-19 20:36:32,955 [Worker-42: Creating project "pruebajson"] INFO  o.e.m.j.i.AbstractJavaProjectConfigurator - Adding resource folder /pruebajson/src/main/resources
2023-09-19 20:36:32,956 [Worker-42: Creating project "pruebajson"] INFO  o.e.m.j.i.AbstractJavaProjectConfigurator - Adding source folder /pruebajson/src/test/java
2023-09-19 20:36:32,956 [Worker-42: Creating project "pruebajson"] INFO  o.e.m.j.i.AbstractJavaProjectConfigurator - Adding resource folder /pruebajson/src/test/resources
2023-09-19 20:36:33,293 [Worker-42: Creating project "pruebajson"] WARN  o.e.m.c.i.embedder.EclipseLogger - Using platform encoding (UTF-8 actually) to copy filtered resources, i.e. build is platform dependent!
2023-09-19 20:36:33,295 [Worker-42: Creating project "pruebajson"] INFO  o.e.m.c.i.embedder.EclipseLogger - Copying 0 resource
2023-09-19 20:36:33,301 [Worker-42: Creating project "pruebajson"] WARN  o.e.m.c.i.embedder.EclipseLogger - Using platform encoding (UTF-8 actually) to copy filtered resources, i.e. build is platform dependent!
2023-09-19 20:36:33,302 [Worker-42: Creating project "pruebajson"] INFO  o.e.m.c.i.embedder.EclipseLogger - Copying 0 resource
2023-09-19 20:36:34,144 [Worker-45: Building] WARN  o.e.m.c.i.embedder.EclipseLogger - Using platform encoding (UTF-8 actually) to copy filtered resources, i.e. build is platform dependent!
2023-09-19 20:36:34,153 [Worker-45: Building] INFO  o.e.m.c.i.embedder.EclipseLogger - Copying 0 resource
2023-09-19 20:36:34,161 [Worker-45: Building] WARN  o.e.m.c.i.embedder.EclipseLogger - Using platform encoding (UTF-8 actually) to copy filtered resources, i.e. build is platform dependent!
2023-09-19 20:36:34,162 [Worker-45: Building] INFO  o.e.m.c.i.embedder.EclipseLogger - Copying 0 resource
2023-09-19 20:42:06,158 [Worker-47: Building] WARN  o.e.m.c.i.embedder.EclipseLogger - Using platform encoding (UTF-8 actually) to copy filtered resources, i.e. build is platform dependent!
2023-09-19 20:42:06,164 [Worker-47: Building] INFO  o.e.m.c.i.embedder.EclipseLogger - Copying 0 resource
2023-09-19 20:42:06,170 [Worker-47: Building] WARN  o.e.m.c.i.embedder.EclipseLogger - Using platform encoding (UTF-8 actually) to copy filtered resources, i.e. build is platform dependent!
2023-09-19 20:42:06,172 [Worker-47: Building] INFO  o.e.m.c.i.embedder.EclipseLogger - Copying 0 resource
2023-09-19 20:42:46,688 [Worker-49: Building] WARN  o.e.m.c.i.embedder.EclipseLogger - Using platform encoding (UTF-8 actually) to copy filtered resources, i.e. build is platform dependent!
2023-09-19 20:42:46,690 [Worker-49: Building] INFO  o.e.m.c.i.embedder.EclipseLogger - Copying 0 resource
2023-09-19 20:42:46,693 [Worker-49: Building] WARN  o.e.m.c.i.embedder.EclipseLogger - Using platform encoding (UTF-8 actually) to copy filtered resources, i.e. build is platform dependent!
2023-09-19 20:42:46,694 [Worker-49: Building] INFO  o.e.m.c.i.embedder.EclipseLogger - Copying 0 resource
2023-09-19 20:53:39,578 [Worker-54: Building] INFO  o.e.m.c.i.l.LifecycleMappingFactory - Using org.eclipse.m2e.jdt.JarLifecycleMapping lifecycle mapping for MavenProject: pruebajson:pruebajson:1 @ C:\coop\prueba de metodo\pruebajson\pom.xml.
2023-09-19 20:53:39,583 [Worker-54: Building] INFO  o.e.m.c.i.p.WorkspaceClassifierResolverManager - Resolving P/programa_dos: prueba:prueba:1.1 with classifier  to /programa_dos/target/classes
2023-09-19 20:53:39,678 [Worker-54: Building] WARN  o.e.m.c.i.embedder.EclipseLogger - Using platform encoding (UTF-8 actually) to copy filtered resources, i.e. build is platform dependent!
2023-09-19 20:53:39,679 [Worker-54: Building] INFO  o.e.m.c.i.embedder.EclipseLogger - Copying 0 resource
2023-09-19 20:53:39,683 [Worker-54: Building] WARN  o.e.m.c.i.embedder.EclipseLogger - Using platform encoding (UTF-8 actually) to copy filtered resources, i.e. build is platform dependent!
2023-09-19 20:53:39,685 [Worker-54: Building] INFO  o.e.m.c.i.embedder.EclipseLogger - Copying 0 resource
2023-09-19 20:57:06,990 [Worker-56: Building] WARN  o.e.m.c.i.embedder.EclipseLogger - Using platform encoding (UTF-8 actually) to copy filtered resources, i.e. build is platform dependent!
2023-09-19 20:57:06,992 [Worker-56: Building] INFO  o.e.m.c.i.embedder.EclipseLogger - Copying 0 resource
2023-09-19 20:57:06,996 [Worker-56: Building] WARN  o.e.m.c.i.embedder.EclipseLogger - Using platform encoding (UTF-8 actually) to copy filtered resources, i.e. build is platform dependent!
2023-09-19 20:57:06,997 [Worker-56: Building] INFO  o.e.m.c.i.embedder.EclipseLogger - Copying 0 resource
2023-09-19 21:04:58,775 [Worker-57: Building] WARN  o.e.m.c.i.embedder.EclipseLogger - Using platform encoding (UTF-8 actually) to copy filtered resources, i.e. build is platform dependent!
2023-09-19 21:04:58,777 [Worker-57: Building] INFO  o.e.m.c.i.embedder.EclipseLogger - Copying 0 resource
2023-09-19 21:04:58,780 [Worker-57: Building] WARN  o.e.m.c.i.embedder.EclipseLogger - Using platform encoding (UTF-8 actually) to copy filtered resources, i.e. build is platform dependent!
2023-09-19 21:04:58,781 [Worker-57: Building] INFO  o.e.m.c.i.embedder.EclipseLogger - Copying 0 resource
2023-09-19 21:05:11,346 [Worker-62: Launching principal] INFO  o.e.m.c.i.p.WorkspaceClassifierResolverManager - Resolving P/programa_dos: prueba:prueba:1.1 with classifier null to /programa_dos/target/classes
2023-09-19 21:05:11,351 [Worker-62: Launching principal] INFO  o.e.m.c.i.p.WorkspaceClassifierResolverManager - Resolving P/programa_dos: prueba:prueba:1.1 with classifier null to /programa_dos/target/classes
2023-09-19 21:05:11,355 [Worker-62: Launching principal] INFO  o.e.m.c.i.p.WorkspaceClassifierResolverManager - Resolving P/programa_dos: prueba:prueba:1.1 with classifier null to /programa_dos/target/classes
2023-09-19 21:07:28,633 [Worker-57: Building] WARN  o.e.m.c.i.embedder.EclipseLogger - Using platform encoding (UTF-8 actually) to copy filtered resources, i.e. build is platform dependent!
2023-09-19 21:07:28,635 [Worker-57: Building] INFO  o.e.m.c.i.embedder.EclipseLogger - Copying 0 resource
2023-09-19 21:07:28,638 [Worker-57: Building] WARN  o.e.m.c.i.embedder.EclipseLogger - Using platform encoding (UTF-8 actually) to copy filtered resources, i.e. build is platform dependent!
2023-09-19 21:07:28,639 [Worker-57: Building] INFO  o.e.m.c.i.embedder.EclipseLogger - Copying 0 resource
2023-09-19 21:07:33,001 [Worker-57: Launching principal] INFO  o.e.m.c.i.p.WorkspaceClassifierResolverManager - Resolving P/programa_dos: prueba:prueba:1.1 with classifier null to /programa_dos/target/classes
2023-09-19 21:07:33,007 [Worker-57: Launching principal] INFO  o.e.m.c.i.p.WorkspaceClassifierResolverManager - Resolving P/programa_dos: prueba:prueba:1.1 with classifier null to /programa_dos/target/classes
2023-09-19 21:07:33,016 [Worker-57: Launching principal] INFO  o.e.m.c.i.p.WorkspaceClassifierResolverManager - Resolving P/programa_dos: prueba:prueba:1.1 with classifier null to /programa_dos/target/classes
2023-09-19 21:12:29,989 [Worker-59: Building] WARN  o.e.m.c.i.embedder.EclipseLogger - Using platform encoding (UTF-8 actually) to copy filtered resources, i.e. build is platform dependent!
2023-09-19 21:12:29,991 [Worker-59: Building] INFO  o.e.m.c.i.embedder.EclipseLogger - Copying 0 resource
2023-09-19 21:12:29,993 [Worker-59: Building] WARN  o.e.m.c.i.embedder.EclipseLogger - Using platform encoding (UTF-8 actually) to copy filtered resources, i.e. build is platform dependent!
2023-09-19 21:12:29,995 [Worker-59: Building] INFO  o.e.m.c.i.embedder.EclipseLogger - Copying 0 resource
2023-09-19 21:12:32,946 [Worker-65: Launching principal] INFO  o.e.m.c.i.p.WorkspaceClassifierResolverManager - Resolving P/programa_dos: prueba:prueba:1.1 with classifier null to /programa_dos/target/classes
2023-09-19 21:12:32,952 [Worker-65: Launching principal] INFO  o.e.m.c.i.p.WorkspaceClassifierResolverManager - Resolving P/programa_dos: prueba:prueba:1.1 with classifier null to /programa_dos/target/classes
2023-09-19 21:12:32,959 [Worker-65: Launching principal] INFO  o.e.m.c.i.p.WorkspaceClassifierResolverManager - Resolving P/programa_dos: prueba:prueba:1.1 with classifier null to /programa_dos/target/classes
2023-09-19 21:15:31,275 [Worker-66: Building] WARN  o.e.m.c.i.embedder.EclipseLogger - Using platform encoding (UTF-8 actually) to copy filtered resources, i.e. build is platform dependent!
2023-09-19 21:15:31,277 [Worker-66: Building] INFO  o.e.m.c.i.embedder.EclipseLogger - Copying 0 resource
2023-09-19 21:15:31,279 [Worker-66: Building] WARN  o.e.m.c.i.embedder.EclipseLogger - Using platform encoding (UTF-8 actually) to copy filtered resources, i.e. build is platform dependent!
2023-09-19 21:15:31,281 [Worker-66: Building] INFO  o.e.m.c.i.embedder.EclipseLogger - Copying 0 resource
2023-09-19 21:15:33,758 [Worker-64: Launching principal] INFO  o.e.m.c.i.p.WorkspaceClassifierResolverManager - Resolving P/programa_dos: prueba:prueba:1.1 with classifier null to /programa_dos/target/classes
2023-09-19 21:15:33,763 [Worker-64: Launching principal] INFO  o.e.m.c.i.p.WorkspaceClassifierResolverManager - Resolving P/programa_dos: prueba:prueba:1.1 with classifier null to /programa_dos/target/classes
2023-09-19 21:15:33,768 [Worker-64: Launching principal] INFO  o.e.m.c.i.p.WorkspaceClassifierResolverManager - Resolving P/programa_dos: prueba:prueba:1.1 with classifier null to /programa_dos/target/classes
2023-09-19 21:18:41,035 [Worker-69: Launching principal] INFO  o.e.m.c.i.p.WorkspaceClassifierResolverManager - Resolving P/programa_dos: prueba:prueba:1.1 with classifier null to /programa_dos/target/classes
2023-09-19 21:18:41,040 [Worker-69: Launching principal] INFO  o.e.m.c.i.p.WorkspaceClassifierResolverManager - Resolving P/programa_dos: prueba:prueba:1.1 with classifier null to /programa_dos/target/classes
2023-09-19 21:18:41,046 [Worker-69: Launching principal] INFO  o.e.m.c.i.p.WorkspaceClassifierResolverManager - Resolving P/programa_dos: prueba:prueba:1.1 with classifier null to /programa_dos/target/classes
